<?xml version="1.0" encoding="UTF-8"?>
<!-- Generated by org.testng.reporters.JUnitReportReporter -->
<testsuite hostname="DESKTOP-TO5HMTO" failures="0" tests="2" name="tests.T05_Search" time="2.699" errors="0" timestamp="2024-07-25T08:20:15 EEST" skipped="0">
  <testcase classname="tests.T05_Search" name="testSearchByProductName" time="0.857"/>
  <testcase classname="tests.T05_Search" name="testSearchByAutoSuggs" time="1.842"/>
</testsuite> <!-- tests.T05_Search -->
