<?xml version="1.0" encoding="UTF-8"?>
<!-- Generated by org.testng.reporters.JUnitReportReporter -->
<testsuite hostname="DESKTOP-TO5HMTO" failures="0" tests="2" name="tests.T04_ChangePassword" time="6.326" errors="0" timestamp="2024-07-25T09:31:55 EEST" skipped="0">
  <testcase classname="tests.T04_ChangePassword" name="TestPasswordChange_N" time="3.361"/>
  <testcase classname="tests.T04_ChangePassword" name="TestPasswordChange_P" time="2.965"/>
</testsuite> <!-- tests.T04_ChangePassword -->
