<?xml version="1.0" encoding="UTF-8"?>
<!-- Generated by org.testng.reporters.JUnitReportReporter -->
<testsuite hostname="DESKTOP-TO5HMTO" failures="0" tests="3" name="tests.T03_Search" time="3.469" errors="0" timestamp="2024-07-22T11:37:20 EEST" skipped="1">
  <testcase classname="tests.T03_Search" name="searchByProdNameTest" time="1.082"/>
  <testcase classname="tests.T03_Search" name="searchByAutoSuggsTest" time="1.165">
    <skipped/>
  </testcase> <!-- searchByAutoSuggsTest -->
  <testcase classname="tests.T03_Search" name="searchByAutoSuggsTest" time="1.222"/>
</testsuite> <!-- tests.T03_Search -->
