<?xml version="1.0" encoding="UTF-8"?>
<!-- Generated by org.testng.reporters.JUnitReportReporter -->
<testsuite hostname="DESKTOP-TO5HMTO" failures="0" tests="1" name="tests.T09_WishList" time="3.262" errors="0" timestamp="2024-07-25T09:15:00 EEST" skipped="0">
  <testcase classname="tests.T09_WishList" name="addProdToWishListTest" time="3.262"/>
</testsuite> <!-- tests.T09_WishList -->
