<?xml version="1.0" encoding="UTF-8"?>
<!-- Generated by org.testng.reporters.JUnitReportReporter -->
<testsuite hostname="DESKTOP-TO5HMTO" failures="0" tests="1" name="tests.T05_RandomFiterTest" time="4.562" errors="0" timestamp="2024-07-24T08:14:30 EEST" skipped="0">
  <testcase classname="tests.T05_RandomFiterTest" name="randomColorFilterTest" time="4.562"/>
</testsuite> <!-- tests.T05_RandomFiterTest -->
