<?xml version="1.0" encoding="UTF-8"?>
<!-- Generated by org.testng.reporters.JUnitReportReporter -->
<testsuite hostname="DESKTOP-TO5HMTO" failures="0" tests="2" name="tests.T10CheckOut" time="21.101" errors="0" timestamp="2024-07-24T15:27:22 EEST" skipped="0">
  <testcase classname="tests.T10CheckOut" name="chequeCheckOutTest" time="9.435"/>
  <testcase classname="tests.T10CheckOut" name="cerditCheckOutTest" time="11.666"/>
</testsuite> <!-- tests.T10CheckOut -->
