<?xml version="1.0" encoding="UTF-8"?>
<!-- Generated by org.testng.reporters.JUnitReportReporter -->
<testsuite hostname="DESKTOP-TO5HMTO" failures="0" tests="1" name="tests.T07_SortItems" time="0.993" errors="0" timestamp="2024-07-24T08:43:30 EEST" skipped="0">
  <testcase classname="tests.T07_SortItems" name="sortByPriceTest" time="0.993"/>
</testsuite> <!-- tests.T07_SortItems -->
