<?xml version="1.0" encoding="UTF-8"?>
<!-- Generated by org.testng.reporters.JUnitReportReporter -->
<testsuite hostname="DESKTOP-TO5HMTO" failures="0" tests="1" name="tests.T08_SortItems" time="1.072" errors="0" timestamp="2024-07-25T09:14:38 EEST" skipped="0">
  <testcase classname="tests.T08_SortItems" name="sortByPriceTest" time="1.072"/>
</testsuite> <!-- tests.T08_SortItems -->
