<?xml version="1.0" encoding="UTF-8"?>
<!-- Generated by org.testng.reporters.JUnitReportReporter -->
<testsuite hostname="DESKTOP-TO5HMTO" failures="0" tests="1" name="tests.T07_ShoppingCart" time="5.765" errors="0" timestamp="2024-07-25T09:13:38 EEST" skipped="0">
  <testcase classname="tests.T07_ShoppingCart" name="testAddProductsToShoppingCart" time="5.765"/>
</testsuite> <!-- tests.T07_ShoppingCart -->
