<?xml version="1.0" encoding="UTF-8"?>
<!-- Generated by org.testng.reporters.JUnitReportReporter -->
<testsuite hostname="DESKTOP-TO5HMTO" failures="0" tests="3" name="tests.T05_Cart" time="3.665" errors="0" timestamp="2024-07-22T11:37:20 EEST" skipped="0">
  <testcase classname="tests.T05_Cart" name="addProdToCartTest" time="0.801"/>
  <testcase classname="tests.T05_Cart" name="searchByProdNameTest" time="1.794"/>
  <testcase classname="tests.T05_Cart" name="verifyProdAddedToCart" time="1.070"/>
</testsuite> <!-- tests.T05_Cart -->
