<?xml version="1.0" encoding="UTF-8"?>
<!-- Generated by org.testng.reporters.JUnitReportReporter -->
<testsuite hostname="DESKTOP-TO5HMTO" failures="0" tests="2" name="tests.T07_ForgotPassword" time="4.014" errors="0" timestamp="2024-07-23T12:54:13 EEST" skipped="0">
  <testcase classname="tests.T07_ForgotPassword" name="RecoverPasswordWithValidEmail" time="2.229"/>
  <testcase classname="tests.T07_ForgotPassword" name="RecoverPasswordWithInvalidEmail" time="1.785"/>
</testsuite> <!-- tests.T07_ForgotPassword -->
