<?xml version="1.0" encoding="UTF-8"?>
<!-- Generated by org.testng.reporters.JUnitReportReporter -->
<testsuite hostname="DESKTOP-TO5HMTO" failures="0" tests="1" name="tests.T06_Books" time="39.763" errors="0" timestamp="2024-07-24T08:15:05 EEST" skipped="0">
  <testcase classname="tests.T06_Books" name="randomColorFilterTest" time="39.763"/>
</testsuite> <!-- tests.T06_Books -->
