<?xml version="1.0" encoding="UTF-8"?>
<!-- Generated by org.testng.reporters.JUnitReportReporter -->
<testsuite hostname="DESKTOP-TO5HMTO" failures="0" tests="1" name="tests.T06_Accessories" time="5.565" errors="0" timestamp="2024-07-23T15:52:14 EEST" skipped="0">
  <testcase classname="tests.T06_Accessories" name="randomColorFilterTest" time="5.565"/>
</testsuite> <!-- tests.T06_Accessories -->
