<?xml version="1.0" encoding="UTF-8"?>
<!-- Generated by org.testng.reporters.JUnitReportReporter -->
<testsuite hostname="DESKTOP-TO5HMTO" failures="0" tests="1" name="tests.T06_ShoppingCart" time="8.355" errors="0" timestamp="2024-07-24T08:45:53 EEST" skipped="0">
  <testcase classname="tests.T06_ShoppingCart" name="randomColorFilterTest" time="8.355"/>
</testsuite> <!-- tests.T06_ShoppingCart -->
