<?xml version="1.0" encoding="UTF-8"?>
<!-- Generated by org.testng.reporters.JUnitReportReporter -->
<testsuite hostname="DESKTOP-TO5HMTO" failures="0" tests="2" name="tests.T10CheckOut_e2e" time="22.109" errors="0" timestamp="2024-07-25T10:18:52 EEST" skipped="0">
  <testcase classname="tests.T10CheckOut_e2e" name="chequeCheckOutTest" time="11.206"/>
  <testcase classname="tests.T10CheckOut_e2e" name="cerditCheckOutTest" time="10.903"/>
</testsuite> <!-- tests.T10CheckOut_e2e -->
