<?xml version="1.0" encoding="UTF-8"?>
<!-- Generated by org.testng.reporters.JUnitReportReporter -->
<testsuite hostname="DESKTOP-TO5HMTO" failures="0" tests="1" name="tests.T07_ShoppingCart" time="6.504" errors="0" timestamp="2024-07-25T10:18:52 EEST" skipped="0">
  <testcase classname="tests.T07_ShoppingCart" name="testAddProductsToShoppingCart" time="6.504"/>
</testsuite> <!-- tests.T07_ShoppingCart -->
