<?xml version="1.0" encoding="UTF-8"?>
<!-- Generated by org.testng.reporters.JUnitReportReporter -->
<testsuite hostname="DESKTOP-TO5HMTO" failures="0" tests="3" name="tests.T05_Cart" time="3.148" errors="0" timestamp="2024-06-30T15:02:31 EEST" skipped="0">
  <testcase classname="tests.T05_Cart" name="addProdToCart" time="0.630"/>
  <testcase classname="tests.T05_Cart" name="searchByProdName" time="0.790"/>
  <testcase classname="tests.T05_Cart" name="verifyProdAddedToCart" time="1.728"/>
</testsuite> <!-- tests.T05_Cart -->
