<?xml version="1.0" encoding="UTF-8"?>
<!-- Generated by org.testng.reporters.JUnitReportReporter -->
<testsuite hostname="DESKTOP-TO5HMTO" failures="0" tests="3" name="tests.T02_Login" time="4.481" errors="0" timestamp="2024-07-25T10:18:52 EEST" skipped="0">
  <testcase classname="tests.T02_Login" name="TestLogin_P" time="2.470"/>
  <testcase classname="tests.T02_Login" name="TestInvalidPasswordLogin_N" time="1.073"/>
  <testcase classname="tests.T02_Login" name="TestInvalidEmailLogin_N" time="0.938"/>
</testsuite> <!-- tests.T02_Login -->
