<?xml version="1.0" encoding="UTF-8"?>
<!-- Generated by org.testng.reporters.JUnitReportReporter -->
<testsuite hostname="DESKTOP-TO5HMTO" failures="0" tests="2" name="tests.T03_Search" time="1.817" errors="0" timestamp="2024-06-30T15:02:31 EEST" skipped="0">
  <testcase classname="tests.T03_Search" name="searchByProdName" time="0.711"/>
  <testcase classname="tests.T03_Search" name="searchByAutoSuggs" time="1.106"/>
</testsuite> <!-- tests.T03_Search -->
