<?xml version="1.0" encoding="UTF-8"?>
<!-- Generated by org.testng.reporters.JUnitReportReporter -->
<testsuite hostname="DESKTOP-TO5HMTO" failures="0" tests="2" name="tests.T05_Search" time="3.161" errors="0" timestamp="2024-07-25T10:18:52 EEST" skipped="0">
  <testcase classname="tests.T05_Search" name="testSearchByProductName" time="1.551"/>
  <testcase classname="tests.T05_Search" name="testSearchByAutoSuggs" time="1.610"/>
</testsuite> <!-- tests.T05_Search -->
