<?xml version="1.0" encoding="UTF-8"?>
<!-- Generated by org.testng.reporters.JUnitReportReporter -->
<testsuite hostname="DESKTOP-TO5HMTO" failures="0" tests="6" name="tests.T01_Regirstration" time="10.068" errors="0" timestamp="2024-07-25T10:18:52 EEST" skipped="0">
  <testcase classname="tests.T01_Regirstration" name="TestRegistration_P" time="2.315"/>
  <testcase classname="tests.T01_Regirstration" name="TestRegistration_P" time="2.126"/>
  <testcase classname="tests.T01_Regirstration" name="TestRegistration_P" time="2.985"/>
  <testcase classname="tests.T01_Regirstration" name="testMissingFirstName_N" time="0.890"/>
  <testcase classname="tests.T01_Regirstration" name="testMissingEmail_N" time="0.824"/>
  <testcase classname="tests.T01_Regirstration" name="testMisMatchingPasswords_N" time="0.928"/>
</testsuite> <!-- tests.T01_Regirstration -->
