<?xml version="1.0" encoding="UTF-8"?>
<!-- Generated by org.testng.reporters.JUnitReportReporter -->
<testsuite hostname="DESKTOP-TO5HMTO" failures="0" tests="2" name="tests.T04_ChangePassword" time="7.523" errors="0" timestamp="2024-07-25T10:18:52 EEST" skipped="0">
  <testcase classname="tests.T04_ChangePassword" name="TestPasswordChange_N" time="3.790"/>
  <testcase classname="tests.T04_ChangePassword" name="TestPasswordChange_P" time="3.733"/>
</testsuite> <!-- tests.T04_ChangePassword -->
