<?xml version="1.0" encoding="UTF-8"?>
<!-- Generated by org.testng.reporters.JUnitReportReporter -->
<testsuite hostname="DESKTOP-TO5HMTO" failures="0" tests="2" name="tests.T03_ForgotPassword" time="3.426" errors="0" timestamp="2024-07-25T10:18:52 EEST" skipped="0">
  <testcase classname="tests.T03_ForgotPassword" name="TestPasswordRecovering_P" time="1.880"/>
  <testcase classname="tests.T03_ForgotPassword" name="TestPasswordRecovering_N" time="1.546"/>
</testsuite> <!-- tests.T03_ForgotPassword -->
