<?xml version="1.0" encoding="UTF-8"?>
<!-- Generated by org.testng.reporters.JUnitReportReporter -->
<testsuite hostname="DESKTOP-TO5HMTO" failures="0" tests="1" name="tests.T06_RandomFiterTest" time="0.982" errors="0" timestamp="2024-07-25T10:18:52 EEST" skipped="0">
  <testcase classname="tests.T06_RandomFiterTest" name="testRandomColorFilter" time="0.982"/>
</testsuite> <!-- tests.T06_RandomFiterTest -->
